<?xml version="1.0" encoding="UTF-8"?>
<!-- Generated by org.testng.reporters.JUnitReportReporter -->
<testsuite hostname="DESKTOP-69PKDP6" name="org.green.test.testngassert.noramlTestng" tests="3" failures="0" timestamp="14 Sep 2022 02:43:37 GMT" time="0.047" errors="0">
  <testcase name="classB" time="0.000" classname="org.green.test.testngassert.noramlTestng"/>
  <testcase name="classC" time="0.016" classname="org.green.test.testngassert.noramlTestng"/>
  <testcase name="classA" time="0.031" classname="org.green.test.testngassert.noramlTestng"/>
</testsuite> <!-- org.green.test.testngassert.noramlTestng -->
