<?xml version="1.0" encoding="UTF-8"?>
<!-- Generated by org.testng.reporters.JUnitReportReporter -->
<testsuite hostname="DESKTOP-69PKDP6" name="org.green.test.parallel.Parallels" tests="5" failures="0" timestamp="9 Oct 2022 06:44:20 GMT" time="0.062" errors="0">
  <testcase name="test2" time="0.016" classname="org.green.test.parallel.Parallels"/>
  <testcase name="test1" time="0.031" classname="org.green.test.parallel.Parallels"/>
  <testcase name="test5" time="0.015" classname="org.green.test.parallel.Parallels"/>
  <testcase name="test3" time="0.000" classname="org.green.test.parallel.Parallels"/>
  <testcase name="test4" time="0.000" classname="org.green.test.parallel.Parallels"/>
</testsuite> <!-- org.green.test.parallel.Parallels -->
