<?xml version="1.0" encoding="UTF-8"?>
<!-- Generated by org.testng.reporters.JUnitReportReporter -->
<testsuite hostname="DESKTOP-69PKDP6" name="org.green.test.parallel.Parallels2" tests="3" failures="0" timestamp="9 Oct 2022 06:44:20 GMT" time="0.000" errors="0">
  <testcase name="test8" time="0.000" classname="org.green.test.parallel.Parallels2"/>
  <testcase name="test7" time="0.000" classname="org.green.test.parallel.Parallels2"/>
  <testcase name="test9" time="0.000" classname="org.green.test.parallel.Parallels2"/>
</testsuite> <!-- org.green.test.parallel.Parallels2 -->
