<?xml version="1.0" encoding="UTF-8"?>
<!-- Generated by org.testng.reporters.JUnitReportReporter -->
<testsuite hostname="DESKTOP-69PKDP6" name="org.green.test.grouping2.copy.Grouping2" tests="3" failures="0" timestamp="19 Sep 2022 12:22:36 GMT" time="0.031" errors="0">
  <testcase name="ClassC" time="0.000" classname="org.green.test.grouping2.copy.Grouping2"/>
  <testcase name="ClassA" time="0.031" classname="org.green.test.grouping2.copy.Grouping2"/>
  <testcase name="ClassB" time="0.000" classname="org.green.test.grouping2.copy.Grouping2"/>
</testsuite> <!-- org.green.test.grouping2.copy.Grouping2 -->
