<?xml version="1.0" encoding="UTF-8"?>
<!-- Generated by org.testng.reporters.JUnitReportReporter -->
<testsuite hostname="DESKTOP-69PKDP6" name="org.green.test.testngassert.HardAssert" tests="2" failures="0" timestamp="9 Oct 2022 03:31:20 GMT" time="0.360" errors="0">
  <testcase name="userNamebox" time="0.165" classname="org.green.test.testngassert.HardAssert"/>
  <testcase name="passbox" time="0.195" classname="org.green.test.testngassert.HardAssert"/>
</testsuite> <!-- org.green.test.testngassert.HardAssert -->
