<?xml version="1.0" encoding="UTF-8"?>
<!-- Generated by org.testng.reporters.JUnitReportReporter -->
<testsuite hostname="DESKTOP-69PKDP6" name="org.green.test.crossbrowser.CrossBrowsers" tests="2" failures="0" timestamp="14 Sep 2022 16:57:21 GMT" time="23.133" errors="0">
  <testcase name="browserLanch" time="7.372" classname="org.green.test.crossbrowser.CrossBrowsers"/>
  <testcase name="browserLanch" time="15.761" classname="org.green.test.crossbrowser.CrossBrowsers"/>
</testsuite> <!-- org.green.test.crossbrowser.CrossBrowsers -->
