<?xml version="1.0" encoding="UTF-8"?>
<!-- Generated by org.testng.reporters.JUnitReportReporter -->
<testsuite hostname="DESKTOP-69PKDP6" name="org.green.test.groupingsec.copy.GroupingSec" tests="2" failures="0" timestamp="8 Oct 2022 18:01:56 GMT" time="0.344" errors="0">
  <testcase name="Classd" time="0.000" classname="org.green.test.groupingsec.copy.GroupingSec"/>
  <testcase name="Classc" time="0.344" classname="org.green.test.groupingsec.copy.GroupingSec"/>
</testsuite> <!-- org.green.test.groupingsec.copy.GroupingSec -->
