<?xml version="1.0" encoding="UTF-8"?>
<!-- Generated by org.testng.reporters.JUnitReportReporter -->
<testsuite hostname="DESKTOP-69PKDP6" name="org.green.test.testng.TestNG" tests="6" failures="0" timestamp="9 Sep 2022 04:26:54 GMT" time="0.078" errors="0">
  <testcase name="test1" time="0.016" classname="org.green.test.testng.TestNG"/>
  <testcase name="test1" time="0.000" classname="org.green.test.testng.TestNG"/>
  <testcase name="test5" time="0.047" classname="org.green.test.testng.TestNG"/>
  <testcase name="test3" time="0.000" classname="org.green.test.testng.TestNG"/>
  <testcase name="test3" time="0.000" classname="org.green.test.testng.TestNG"/>
  <testcase name="test4" time="0.015" classname="org.green.test.testng.TestNG"/>
</testsuite> <!-- org.green.test.testng.TestNG -->
