<?xml version="1.0" encoding="UTF-8"?>
<!-- Generated by org.testng.reporters.JUnitReportReporter -->
<testsuite hostname="DESKTOP-69PKDP6" name="org.green.test.grouping.Grouping" tests="1" failures="0" timestamp="8 Oct 2022 18:01:56 GMT" time="0.000" errors="0">
  <testcase name="ClassB" time="0.000" classname="org.green.test.grouping.Grouping"/>
</testsuite> <!-- org.green.test.grouping.Grouping -->
